2025-04-15 13:27:39,135 - INFO - Successfully imported EU index module
2025-04-15 13:27:39,137 - INFO - Successfully imported US index module
2025-04-15 13:27:39,137 - INFO - Dashboard configuration initialized
2025-04-15 13:27:39,137 - INFO - Initializing Streamlit app...
2025-04-15 13:27:39,195 - INFO - Starting main dashboard execution...
2025-04-15 13:27:39,195 - INFO - Cache initialized, fetching data...
2025-04-15 13:27:39,196 - INFO - Starting data load process...
2025-04-15 13:27:39,196 - INFO - Fetching EU index data...
2025-04-15 13:27:43,655 - INFO - EU index data fetched successfully. Score: 35.72
2025-04-15 13:27:43,655 - INFO - Fetching US index data...
2025-04-15 13:27:48,490 - INFO - US index data fetched successfully. Score: 22.58
2025-04-15 13:27:48,490 - INFO - Interpreting scores...
2025-04-15 13:27:48,490 - INFO - Data load completed in 9.29 seconds
2025-04-15 13:27:48,491 - INFO - Data fetch completed successfully
2025-04-15 13:27:48,493 - INFO - Rendering gauges...
2025-04-15 13:27:48,494 - INFO - Creating EU gauge...
2025-04-15 13:27:48,587 - INFO - Creating US gauge...
2025-04-15 13:27:48,624 - INFO - Dashboard rendered successfully in 9.43 seconds
2025-04-15 13:37:24,100 - INFO - Successfully imported EU index module
2025-04-15 13:37:24,106 - INFO - Successfully imported US index module
2025-04-15 13:37:24,106 - INFO - Dashboard configuration initialized
2025-04-15 13:37:24,106 - INFO - Initializing Streamlit app...
2025-04-15 13:37:24,108 - INFO - Starting main dashboard execution...
2025-04-15 13:37:24,111 - INFO - Cache initialized, fetching data...
2025-04-15 13:37:24,116 - INFO - Data fetch completed successfully
2025-04-15 13:37:24,119 - INFO - Rendering gauges...
2025-04-15 13:37:24,120 - INFO - Creating EU gauge...
2025-04-15 13:37:24,238 - INFO - Creating US gauge...
2025-04-15 13:37:24,280 - INFO - Dashboard rendered successfully in 0.17 seconds
2025-04-15 13:44:01,362 - INFO - Successfully imported EU index module
2025-04-15 13:44:01,364 - INFO - Successfully imported US index module
2025-04-15 13:44:01,364 - INFO - Dashboard configuration initialized
2025-04-15 13:44:01,364 - INFO - Initializing Streamlit app...
2025-04-15 13:44:01,380 - INFO - Starting main dashboard execution...
2025-04-15 13:44:01,382 - INFO - Cache initialized, fetching data...
2025-04-15 13:44:01,385 - INFO - Data fetch completed successfully
2025-04-15 13:44:01,386 - INFO - Rendering gauges...
2025-04-15 13:44:01,387 - INFO - Creating EU gauge...
2025-04-15 13:44:01,520 - INFO - Creating US gauge...
2025-04-15 13:44:01,563 - INFO - Dashboard rendered successfully in 0.18 seconds
2025-04-15 13:47:13,351 - INFO - Successfully imported EU index module
2025-04-15 13:47:13,352 - INFO - Successfully imported US index module
2025-04-15 13:47:13,353 - INFO - Dashboard configuration initialized
2025-04-15 13:47:13,353 - INFO - Initializing Streamlit app...
2025-04-15 13:47:13,365 - INFO - Starting main dashboard execution...
2025-04-15 13:47:13,367 - INFO - Cache initialized, fetching data...
2025-04-15 13:47:13,367 - INFO - Data fetch completed successfully
2025-04-15 13:47:13,368 - INFO - Rendering gauges...
2025-04-15 13:47:13,369 - INFO - Creating EU gauge...
2025-04-15 13:47:13,461 - INFO - Creating US gauge...
2025-04-15 13:47:13,551 - INFO - Dashboard rendered successfully in 0.19 seconds
2025-04-15 13:47:23,872 - INFO - Successfully imported EU index module
2025-04-15 13:47:23,873 - INFO - Successfully imported US index module
2025-04-15 13:47:23,873 - INFO - Dashboard configuration initialized
2025-04-15 13:47:23,873 - INFO - Initializing Streamlit app...
2025-04-15 13:47:23,883 - INFO - Starting main dashboard execution...
2025-04-15 13:47:23,884 - INFO - Cache initialized, fetching data...
2025-04-15 13:47:23,885 - INFO - Data fetch completed successfully
2025-04-15 13:47:23,886 - INFO - Rendering gauges...
2025-04-15 13:47:23,887 - INFO - Creating EU gauge...
2025-04-15 13:47:23,932 - INFO - Creating US gauge...
2025-04-15 13:47:23,976 - INFO - Dashboard rendered successfully in 0.09 seconds
2025-04-15 13:47:24,925 - INFO - Successfully imported EU index module
2025-04-15 13:47:24,926 - INFO - Successfully imported US index module
2025-04-15 13:47:24,926 - INFO - Dashboard configuration initialized
2025-04-15 13:47:24,926 - INFO - Initializing Streamlit app...
2025-04-15 13:47:24,935 - INFO - Starting main dashboard execution...
2025-04-15 13:47:24,936 - INFO - Cache initialized, fetching data...
2025-04-15 13:47:24,937 - INFO - Data fetch completed successfully
2025-04-15 13:47:24,938 - INFO - Refresh button clicked, clearing cache...
2025-04-15 13:47:24,997 - INFO - Successfully imported EU index module
2025-04-15 13:47:24,997 - INFO - Successfully imported US index module
2025-04-15 13:47:24,998 - INFO - Dashboard configuration initialized
2025-04-15 13:47:24,998 - INFO - Initializing Streamlit app...
2025-04-15 13:47:25,001 - INFO - Starting main dashboard execution...
2025-04-15 13:47:25,002 - INFO - Cache initialized, fetching data...
2025-04-15 13:47:25,002 - INFO - Starting data load process...
2025-04-15 13:47:25,002 - INFO - Fetching EU index data...
2025-04-15 13:47:29,506 - INFO - EU index data fetched successfully. Score: 35.72
2025-04-15 13:47:29,506 - INFO - Fetching US index data...
2025-04-15 13:47:34,437 - INFO - US index data fetched successfully. Score: 23.05
2025-04-15 13:47:34,438 - INFO - Interpreting scores...
2025-04-15 13:47:34,438 - INFO - Data load completed in 9.44 seconds
2025-04-15 13:47:34,439 - INFO - Data fetch completed successfully
2025-04-15 13:47:34,440 - INFO - Rendering gauges...
2025-04-15 13:47:34,441 - INFO - Creating EU gauge...
2025-04-15 13:47:34,494 - INFO - Creating US gauge...
2025-04-15 13:47:34,545 - INFO - Dashboard rendered successfully in 9.54 seconds
2025-04-15 22:21:28,455 - INFO - Successfully imported EU index module
2025-04-15 22:21:28,458 - INFO - Successfully imported US index module
2025-04-15 22:21:28,464 - INFO - Dashboard configuration initialized
2025-04-15 22:21:28,466 - INFO - Initializing Streamlit app...
2025-04-15 22:21:28,484 - INFO - Starting main dashboard execution...
2025-04-15 22:21:28,487 - INFO - Cache initialized, fetching data...
2025-04-15 22:21:28,490 - INFO - Starting data load process...
2025-04-15 22:21:28,490 - INFO - Fetching EU index data...
2025-04-15 22:21:32,447 - INFO - EU index data fetched successfully. Score: 35.72
2025-04-15 22:21:32,447 - INFO - Fetching US index data...
2025-04-15 22:21:36,835 - INFO - US index data fetched successfully. Score: 23.38
2025-04-15 22:21:36,835 - INFO - Interpreting scores...
2025-04-15 22:21:36,836 - INFO - Data load completed in 8.35 seconds
2025-04-15 22:21:36,837 - INFO - Data fetch completed successfully
2025-04-15 22:21:36,840 - INFO - Rendering gauges...
2025-04-15 22:21:36,841 - INFO - Creating EU gauge...
2025-04-15 22:21:36,937 - INFO - Creating US gauge...
2025-04-15 22:21:36,990 - INFO - Dashboard rendered successfully in 8.51 seconds
